<?xml version="1.0" encoding="UTF-8"?>
<!-- Generated by org.testng.reporters.JUnitXMLReporter -->
<testsuite hostname="EGCA1-0091" ignored="6" name="Test Login to XYZ-Bank and Make Full Transaction" tests="8" failures="0" timestamp="2023-04-06T05:31:46 EET" time="22.249" errors="0">
  <testcase name="@BeforeTest setupDriver" time="21.622" classname="test_cases.TestBase">
    <failure type="org.openqa.selenium.remote.http.ConnectionFailedException" message="Unable to establish websocket connection to http://localhost:57964/devtools/browser/7f18dded-edc0-44ca-b620-4dc4d0a8831c
Build info: version: &amp;apos;4.4.0&amp;apos;, revision: &amp;apos;e5c75ed026a&amp;apos;
System info: host: &amp;apos;EGCA1-0091&amp;apos;, ip: &amp;apos;192.168.1.3&amp;apos;, os.name: &amp;apos;Windows 10&amp;apos;, os.arch: &amp;apos;amd64&amp;apos;, os.version: &amp;apos;10.0&amp;apos;, java.version: &amp;apos;1.8.0_202&amp;apos;
Driver info: driver.version: ChromeDriver">
      <![CDATA[org.openqa.selenium.remote.http.ConnectionFailedException: Unable to establish websocket connection to http://localhost:57964/devtools/browser/7f18dded-edc0-44ca-b620-4dc4d0a8831c
Build info: version: '4.4.0', revision: 'e5c75ed026a'
System info: host: 'EGCA1-0091', ip: '192.168.1.3', os.name: 'Windows 10', os.arch: 'amd64', os.version: '10.0', java.version: '1.8.0_202'
Driver info: driver.version: ChromeDriver
at org.openqa.selenium.remote.http.netty.NettyWebSocket.<init>(NettyWebSocket.java:102)
at org.openqa.selenium.remote.http.netty.NettyWebSocket.lambda$create$3(NettyWebSocket.java:128)
at org.openqa.selenium.remote.http.netty.NettyClient.openSocket(NettyClient.java:106)
at org.openqa.selenium.devtools.Connection.<init>(Connection.java:77)
at org.openqa.selenium.chromium.ChromiumDriver.lambda$new$2(ChromiumDriver.java:116)
at java.util.Optional.map(Optional.java:215)
at org.openqa.selenium.chromium.ChromiumDriver.<init>(ChromiumDriver.java:114)
at org.openqa.selenium.chrome.ChromeDriver.<init>(ChromeDriver.java:81)
at org.openqa.selenium.chrome.ChromeDriver.<init>(ChromeDriver.java:70)
at test_cases.TestBase.setupDriver(TestBase.java:73)
at java.util.concurrent.FutureTask.run(FutureTask.java:266)
at java.util.concurrent.ThreadPoolExecutor.runWorker(ThreadPoolExecutor.java:1149)
at java.util.concurrent.ThreadPoolExecutor$Worker.run(ThreadPoolExecutor.java:624)
at java.lang.Thread.run(Thread.java:748)
... Removed 15 stack frames]]>
    </failure>
  </testcase> <!-- @BeforeTest setupDriver -->
  <testcase name="@AfterTest tearDown" time="0.0" classname="test_cases.TestBase">
    <skipped/>
  </testcase> <!-- @AfterTest tearDown -->
  <testcase name="startApplication" time="0.0" classname="test_cases.TestBase">
    <skipped/>
  </testcase> <!-- startApplication -->
  <testcase name="startApplication" time="0.0" classname="test_cases.TestBase">
    <skipped/>
  </testcase> <!-- startApplication -->
  <testcase name="startApplication" time="0.0" classname="test_cases.TestBase">
    <skipped/>
  </testcase> <!-- startApplication -->
  <testcase name="startApplication" time="0.0" classname="test_cases.TestBase">
    <skipped/>
  </testcase> <!-- startApplication -->
  <testcase name="customerLogin" time="0.0" classname="test_cases.TestCase001_CustomerLogin">
    <skipped/>
  </testcase> <!-- customerLogin -->
  <testcase name="makeNewDeposite" time="0.0" classname="test_cases.TestCase002_MakeDeposite">
    <skipped/>
  </testcase> <!-- makeNewDeposite -->
  <testcase name="makeNewWithdraw" time="0.0" classname="test_cases.TestCase003_MakeWithdraw">
    <skipped/>
  </testcase> <!-- makeNewWithdraw -->
  <testcase name="checkTransactionType" time="0.0" classname="test_cases.TestCase004_CheckTransactionType">
    <skipped/>
  </testcase> <!-- checkTransactionType -->
  <testcase name="@AfterTest tearDown" time="0.0" classname="test_cases.TestBase">
    <ignored/>
  </testcase> <!-- @AfterTest tearDown -->
  <testcase name="@BeforeTest setupDriver" time="0.0" classname="test_cases.TestBase">
    <ignored/>
  </testcase> <!-- @BeforeTest setupDriver -->
  <testcase name="@BeforeTest setupDriver" time="0.0" classname="test_cases.TestBase">
    <ignored/>
  </testcase> <!-- @BeforeTest setupDriver -->
  <testcase name="@AfterTest tearDown" time="0.0" classname="test_cases.TestBase">
    <ignored/>
  </testcase> <!-- @AfterTest tearDown -->
  <testcase name="@BeforeTest setupDriver" time="0.0" classname="test_cases.TestBase">
    <ignored/>
  </testcase> <!-- @BeforeTest setupDriver -->
  <testcase name="@AfterTest tearDown" time="0.0" classname="test_cases.TestBase">
    <ignored/>
  </testcase> <!-- @AfterTest tearDown -->
</testsuite> <!-- Test Login to XYZ-Bank and Make Full Transaction -->
