<?xml version="1.0" encoding="UTF-8"?>
<testng-results ignored="6" total="14" passed="8" failed="0" skipped="0">
  <reporter-output>
  </reporter-output>
  <suite started-at="2023-02-13T01:22:04 EET" name="Test XYZ-Bank Web Application" finished-at="2023-02-13T01:22:32 EET" duration-ms="28368">
    <groups>
      <group name="smoke">
        <method signature="TestBase.startApplication()[pri:1, instance:test_cases.TestCase001_CustomerLogin@5f5b5ca4]" name="startApplication" class="test_cases.TestBase"/>
        <method signature="TestBase.startApplication()[pri:1, instance:test_cases.TestCase002_MakeDeposite@127d7908]" name="startApplication" class="test_cases.TestBase"/>
        <method signature="TestBase.startApplication()[pri:1, instance:test_cases.TestCase003_MakeWithdraw@6b9c69a9]" name="startApplication" class="test_cases.TestBase"/>
        <method signature="TestBase.startApplication()[pri:1, instance:test_cases.TestCase004_CheckTransactionType@6622a690]" name="startApplication" class="test_cases.TestBase"/>
        <method signature="TestCase001_CustomerLogin.customerLogin()[pri:2, instance:test_cases.TestCase001_CustomerLogin@5f5b5ca4]" name="customerLogin" class="test_cases.TestCase001_CustomerLogin"/>
        <method signature="TestCase002_MakeDeposite.makeNewDeposite()[pri:3, instance:test_cases.TestCase002_MakeDeposite@127d7908]" name="makeNewDeposite" class="test_cases.TestCase002_MakeDeposite"/>
        <method signature="TestCase003_MakeWithdraw.makeNewWithdraw()[pri:4, instance:test_cases.TestCase003_MakeWithdraw@6b9c69a9]" name="makeNewWithdraw" class="test_cases.TestCase003_MakeWithdraw"/>
        <method signature="TestCase004_CheckTransactionType.checkTransactionType()[pri:5, instance:test_cases.TestCase004_CheckTransactionType@6622a690]" name="checkTransactionType" class="test_cases.TestCase004_CheckTransactionType"/>
      </group> <!-- smoke -->
    </groups>
    <test started-at="2023-02-13T01:22:04 EET" name="Test Login to XYZ-Bank and Make Full Transaction" finished-at="2023-02-13T01:22:32 EET" duration-ms="28368">
      <class name="test_cases.TestCase004_CheckTransactionType">
        <test-method signature="startApplication()[pri:1, instance:test_cases.TestCase004_CheckTransactionType@6622a690]" started-at="2023-02-13T01:22:19 EET" name="startApplication" description="Start XYZ-Bank Web Application" finished-at="2023-02-13T01:22:20 EET" duration-ms="658" status="PASS">
          <reporter-output>
          </reporter-output>
        </test-method> <!-- startApplication -->
        <test-method signature="checkTransactionType()[pri:5, instance:test_cases.TestCase004_CheckTransactionType@6622a690]" started-at="2023-02-13T01:22:25 EET" name="checkTransactionType" description="Check Last Transaction Type" finished-at="2023-02-13T01:22:30 EET" duration-ms="4488" status="PASS">
          <reporter-output>
          </reporter-output>
        </test-method> <!-- checkTransactionType -->
      </class> <!-- test_cases.TestCase004_CheckTransactionType -->
      <class name="test_cases.TestCase001_CustomerLogin">
        <test-method is-config="true" signature="setupDriver(java.lang.String)[pri:0, instance:test_cases.TestCase001_CustomerLogin@5f5b5ca4]" started-at="2023-02-13T01:22:04 EET" name="setupDriver" finished-at="2023-02-13T01:22:14 EET" duration-ms="10171" status="PASS">
          <params>
            <param index="0">
              <value>
                <![CDATA[Chrome]]>
              </value>
            </param>
          </params>
          <reporter-output>
          </reporter-output>
        </test-method> <!-- setupDriver -->
        <test-method signature="startApplication()[pri:1, instance:test_cases.TestCase001_CustomerLogin@5f5b5ca4]" started-at="2023-02-13T01:22:14 EET" name="startApplication" description="Start XYZ-Bank Web Application" finished-at="2023-02-13T01:22:16 EET" duration-ms="1854" status="PASS">
          <reporter-output>
          </reporter-output>
        </test-method> <!-- startApplication -->
        <test-method signature="customerLogin()[pri:2, instance:test_cases.TestCase001_CustomerLogin@5f5b5ca4]" started-at="2023-02-13T01:22:20 EET" name="customerLogin" description="Customer Login" finished-at="2023-02-13T01:22:22 EET" duration-ms="1981" status="PASS">
          <reporter-output>
          </reporter-output>
        </test-method> <!-- customerLogin -->
        <test-method is-config="true" signature="tearDown()[pri:0, instance:test_cases.TestCase001_CustomerLogin@5f5b5ca4]" started-at="2023-02-13T01:22:30 EET" name="tearDown" finished-at="2023-02-13T01:22:32 EET" duration-ms="2242" status="PASS">
          <reporter-output>
          </reporter-output>
        </test-method> <!-- tearDown -->
      </class> <!-- test_cases.TestCase001_CustomerLogin -->
      <class name="test_cases.TestCase002_MakeDeposite">
        <test-method signature="startApplication()[pri:1, instance:test_cases.TestCase002_MakeDeposite@127d7908]" started-at="2023-02-13T01:22:16 EET" name="startApplication" description="Start XYZ-Bank Web Application" finished-at="2023-02-13T01:22:18 EET" duration-ms="1992" status="PASS">
          <reporter-output>
          </reporter-output>
        </test-method> <!-- startApplication -->
        <test-method signature="makeNewDeposite()[pri:3, instance:test_cases.TestCase002_MakeDeposite@127d7908]" started-at="2023-02-13T01:22:22 EET" name="makeNewDeposite" description="Make New Deposite" finished-at="2023-02-13T01:22:23 EET" duration-ms="1103" status="PASS">
          <reporter-output>
          </reporter-output>
        </test-method> <!-- makeNewDeposite -->
      </class> <!-- test_cases.TestCase002_MakeDeposite -->
      <class name="test_cases.TestCase003_MakeWithdraw">
        <test-method signature="startApplication()[pri:1, instance:test_cases.TestCase003_MakeWithdraw@6b9c69a9]" started-at="2023-02-13T01:22:18 EET" name="startApplication" description="Start XYZ-Bank Web Application" finished-at="2023-02-13T01:22:19 EET" duration-ms="664" status="PASS">
          <reporter-output>
          </reporter-output>
        </test-method> <!-- startApplication -->
        <test-method signature="makeNewWithdraw()[pri:4, instance:test_cases.TestCase003_MakeWithdraw@6b9c69a9]" started-at="2023-02-13T01:22:23 EET" name="makeNewWithdraw" description="Make New Withdraw" finished-at="2023-02-13T01:22:25 EET" duration-ms="2765" status="PASS">
          <reporter-output>
          </reporter-output>
        </test-method> <!-- makeNewWithdraw -->
      </class> <!-- test_cases.TestCase003_MakeWithdraw -->
    </test> <!-- Test Login to XYZ-Bank and Make Full Transaction -->
  </suite> <!-- Test XYZ-Bank Web Application -->
</testng-results>
