<?xml version="1.0" encoding="UTF-8"?>
<!-- Generated by org.testng.reporters.JUnitXMLReporter -->
<testsuite ignored="6" hostname="EGCA1-0091" failures="0" tests="8" name="Test Login to XYZ-Bank and Make Full Transaction" time="28.368" errors="0" timestamp="2023-02-13T01:22:32 EET">
  <testcase classname="test_cases.TestBase" name="startApplication" time="1.854"/>
  <testcase classname="test_cases.TestBase" name="startApplication" time="1.992"/>
  <testcase classname="test_cases.TestBase" name="startApplication" time="0.664"/>
  <testcase classname="test_cases.TestBase" name="startApplication" time="0.658"/>
  <testcase classname="test_cases.TestCase001_CustomerLogin" name="customerLogin" time="1.981"/>
  <testcase classname="test_cases.TestCase002_MakeDeposite" name="makeNewDeposite" time="1.103"/>
  <testcase classname="test_cases.TestCase003_MakeWithdraw" name="makeNewWithdraw" time="2.765"/>
  <testcase classname="test_cases.TestCase004_CheckTransactionType" name="checkTransactionType" time="4.488"/>
  <testcase classname="test_cases.TestBase" name="@AfterTest tearDown" time="0.0">
    <ignored/>
  </testcase> <!-- @AfterTest tearDown -->
  <testcase classname="test_cases.TestBase" name="@AfterTest tearDown" time="0.0">
    <ignored/>
  </testcase> <!-- @AfterTest tearDown -->
  <testcase classname="test_cases.TestBase" name="@AfterTest tearDown" time="0.0">
    <ignored/>
  </testcase> <!-- @AfterTest tearDown -->
  <testcase classname="test_cases.TestBase" name="@BeforeTest setupDriver" time="0.0">
    <ignored/>
  </testcase> <!-- @BeforeTest setupDriver -->
  <testcase classname="test_cases.TestBase" name="@BeforeTest setupDriver" time="0.0">
    <ignored/>
  </testcase> <!-- @BeforeTest setupDriver -->
  <testcase classname="test_cases.TestBase" name="@BeforeTest setupDriver" time="0.0">
    <ignored/>
  </testcase> <!-- @BeforeTest setupDriver -->
</testsuite> <!-- Test Login to XYZ-Bank and Make Full Transaction -->
