<?xml version="1.0" encoding="UTF-8"?>
<!-- Generated by org.testng.reporters.JUnitXMLReporter -->
<testsuite ignored="6" hostname="EGCA1-0091" failures="0" tests="8" name="Test Login to XYZ-Bank and Make Full Transaction" time="29.445" errors="0" timestamp="2023-02-06T10:38:03 EET">
  <testcase classname="test_cases.TestBase" name="startApplication" time="2.402"/>
  <testcase classname="test_cases.TestBase" name="startApplication" time="0.793"/>
  <testcase classname="test_cases.TestBase" name="startApplication" time="0.797"/>
  <testcase classname="test_cases.TestBase" name="startApplication" time="0.698"/>
  <testcase classname="test_cases.TestCase001_CustomerLogin" name="customerLogin" time="1.715"/>
  <testcase classname="test_cases.TestCase002_MakeDeposite" name="makeNewDeposite" time="1.405"/>
  <testcase classname="test_cases.TestCase003_MakeWithdraw" name="makeNewWithdraw" time="2.737"/>
  <testcase classname="test_cases.TestCase004_CheckTransactionType" name="checkTransactionType" time="4.454"/>
  <testcase classname="test_cases.TestBase" name="@AfterTest tearDown" time="0.0">
    <ignored/>
  </testcase> <!-- @AfterTest tearDown -->
  <testcase classname="test_cases.TestBase" name="@BeforeTest prepareClassProperties" time="0.0">
    <ignored/>
  </testcase> <!-- @BeforeTest prepareClassProperties -->
  <testcase classname="test_cases.TestBase" name="@BeforeTest prepareClassProperties" time="0.0">
    <ignored/>
  </testcase> <!-- @BeforeTest prepareClassProperties -->
  <testcase classname="test_cases.TestBase" name="@AfterTest tearDown" time="0.0">
    <ignored/>
  </testcase> <!-- @AfterTest tearDown -->
  <testcase classname="test_cases.TestBase" name="@BeforeTest prepareClassProperties" time="0.0">
    <ignored/>
  </testcase> <!-- @BeforeTest prepareClassProperties -->
  <testcase classname="test_cases.TestBase" name="@AfterTest tearDown" time="0.0">
    <ignored/>
  </testcase> <!-- @AfterTest tearDown -->
</testsuite> <!-- Test Login to XYZ-Bank and Make Full Transaction -->
